21:00 flurbudurbur: eyo
21:00 PLAY3R_0N3  : yo
21:00 PLAY3R_0N3  : hoe groot is de kans op een spawner hakken eigk?
21:03 PLAY3R_0N3 placed suspicious WATER_BUCKET @ world: x9805, z-11637
21:03 PLAY3R_0N3 placed suspicious WATER_BUCKET @ world: x9805, z-11637
21:03 flurbudurbur: hoe bedoel je?
21:03 PLAY3R_0N3  : ik heb spawner gehakt en gekregen
21:04 PLAY3R_0N3  : maar echt heel soms
21:04 flurbudurbur: deed je t met silk touch?
21:04 PLAY3R_0N3  : nee
21:04 flurbudurbur: dan heel klein
21:04 flurbudurbur: silk is 100%
21:04 PLAY3R_0N3  : oh
21:04 PLAY3R_0N3  : frick
21:04 flurbudurbur: lol
21:04 flurbudurbur: hey ik moet zo ff snel de server restarten
21:04 PLAY3R_0N3  : sure
21:07 flurbudurbur: hier komt de restart lol
21:07 PLAY3R_0N3  : okidoki
21:15 flurbudurbur: Vamp, wanna VC?
21:16 PLAY3R_0N3  : sure
21:16 flurbudurbur: am in gen 3 VC
21:16 PLAY3R_0N3  : omw
21:20 flurbudurbur: ./class
21:29 flurbudurbur: ./bt
21:30 flurbudurbur: ./cosmetic
