11:35 flurbudurbur: lonesomegame
12:16 PLAY3R_0N3  : yo
12:20 PLAY3R_0N3  : yo
12:20 flurbudurbur: yo
12:20 flurbudurbur: moet gaan
12:20 PLAY3R_0N3  : laters
12:20 flurbudurbur: heb zo een CE lmfao
12:20 PLAY3R_0N3  : success
12:20 flurbudurbur: danku
12:21 flurbudurbur: ook de reden dat ik Woensdag niet kon .-.
12:21 flurbudurbur: ik zag dat je me nog had gebeld
12:21 PLAY3R_0N3  : :(
12:21 PLAY3R_0N3  : ye
12:21 flurbudurbur: welp, tot de volgende xd.....
12:21 PLAY3R_0N3  : yusss
12:21 flurbudurbur: voorlopig geen /ranks en zo
12:21 PLAY3R_0N3  : okidoki
13:06 PLAY3R_0N3  : sure
13:39 PLAY3R_0N3: elcome
13:39 Archeoon  : hay
13:39 PLAY3R_0N3: how are you?
13:39 Archeoon  : wow im a sou;
13:39 Archeoon  : i am good
13:41 PLAY3R_0N3: if u have any questions your welcome to ask
13:42 Archeoon  : hey!!!!!!!!!!!!!!!!!!
13:42 PLAY3R_0N3: hey
13:42 Archeoon  : hey
13:42 W1ther_Spawn: friends?/
13:42 Archeoon    : can we have same stuff
13:42 Archeoon    : yes frends
13:42 Archeoon    : plez
13:42 PLAY3R_0N3  : i dont have much either yet, started 2 days ago
13:45 Archeoon    : how do u have full diamond and u aonyl sitaaryed two days ago?!?!?! you a big pro or wat
13:45 PLAY3R_0N3  : raiding towers
13:45 Archeoon    : what '
13:45 PLAY3R_0N3  : towers like these
13:46 PLAY3R_0N3  : often have daimonds
13:46 Archeoon    : oh coooool
13:46 Archeoon    : does this server often have a lot of people online?
13:46 PLAY3R_0N3  : still need some tools so i'm raiding these towers for like 2 hours today
13:46 PLAY3R_0N3  : nope, server started last week
13:46 Archeoon    : oh
13:46 Archeoon    : its really cool though
13:47 PLAY3R_0N3  : yeah, cool plugins
13:47 PLAY3R_0N3  : even custom enchants
13:47 Archeoon    : WOW REALY
13:48 PLAY3R_0N3  : yeah, like 100 custom enchants
13:48 Archeoon    : wooowoowowoowowoow
13:49 Archeoon    : any custom mobs?
13:49 PLAY3R_0N3  : nope, but zombies can shoot fireballs when having a shovle
13:49 Archeoon    : why
13:49 PLAY3R_0N3  : skeletons wear armor, shield and have a crossbow
13:50 Archeoon    : ...
13:50 PLAY3R_0N3  : creepers only explode when u hit them
13:50 Archeoon    : why???
13:50 PLAY3R_0N3  : oh and there are A LOT of spawners
13:50 PLAY3R_0N3  : like u saw at the tower
13:50 Archeoon    : how do i find them?
13:51 PLAY3R_0N3  : u can use /rtp
13:51 PLAY3R_0N3  : u find a tower in 5 minutes probably
13:51 Archeoon    : found one
13:52 PLAY3R_0N3  : nicee
13:52 Archeoon    : its massive
13:52 PLAY3R_0N3  : yeah
13:52 Archeoon    : like 150 blocks'
13:52 Archeoon    : also its sand
13:52 Archeoon    : yo desert temple :>
13:52 PLAY3R_0N3  : thats a temple probably
13:52 PLAY3R_0N3  : yeah
13:52 Archeoon    : theres a temple and a tower
13:53 PLAY3R_0N3  : u have discord?
13:53 Archeoon    : yea lmfao
13:53 Archeoon    : btw
13:53 PLAY3R_0N3  : wanna join discord server of this server?
13:53 Archeoon    : our initial intent was to grief the fuck out of the server but its actually awesome
13:53 PLAY3R_0N3  : the owner worked realllly hard on this server
13:53 Archeoon    : me and my friend were finding servers to mess with :>
13:53 PLAY3R_0N3  : xD
13:53 Archeoon    : yea
13:54 Archeoon    : I didnt want to ruin any efforts just like mess around and kill people with underdeveloped servers
13:54 PLAY3R_0N3  : the owner would be pretty sad yeah, he worked weeks on this server
13:55 PLAY3R_0N3  : https://discord.gg/TDHNZjCc
13:55 PLAY3R_0N3  : our discord server
13:55 Archeoon    : but we got the wrong server, the server we wanted to mess with was a different one, and the owner had /killed us like 50 times before so we wanted to get revenge :>
13:55 PLAY3R_0N3  : ohh
13:55 Archeoon    : yea its like a hungarian server
13:55 Archeoon    : super wierd
13:55 PLAY3R_0N3  : where are you guys from if I may ask>
13:55 Archeoon    : and the owners are superrrr shitty
13:55 PLAY3R_0N3  : ?*
13:55 Archeoon    : im australian.
13:55 PLAY3R_0N3  : other side of the world for me xD
13:56 Archeoon    : lmfao
13:56 PLAY3R_0N3  : u need some gear?
13:56 Archeoon    : preferably yea
13:56 Archeoon    : I can give u a saddle
13:56 PLAY3R_0N3  : nah dont have to
13:56 Archeoon    : 'part from that im broke
13:57 Archeoon    : bruh /bt just made me switch to pick instead of usinh my wood ;-;
13:57 Archeoon    : holy crap thanks
13:57 PLAY3R_0N3  : like the towers are really OP to find good stuff in
13:57 Archeoon    : imma loot this one
13:57 PLAY3R_0N3  : imma tpa
13:57 Archeoon    : do u wanna help and split loot?
13:58 PLAY3R_0N3  : sure
13:58 Archeoon    : right
13:59 PLAY3R_0N3  : this one is gonna be hard tho
13:59 Archeoon    : huh
13:59 Archeoon    : mmmhmhm
13:59 Archeoon    : mhmhhm
13:59 PLAY3R_0N3  : its night time xD
13:59 Archeoon    : thats what she said
13:59 PLAY3R_0N3  : but we still get all the loot
13:59 Archeoon    : had to
13:59 Archeoon    : soz
13:59 PLAY3R_0N3  : xDD
13:59 PLAY3R_0N3  : nice
14:00 Archeoon    : tf is soot
14:00 Archeoon    : *scoot
14:00 PLAY3R_0N3  : vex spawner
14:03 Archeoon    : bro im so laggy
14:03 Archeoon    : 500 ping
14:03 Archeoon    : they teleport for god sake
14:03 PLAY3R_0N3  : F
14:03 Archeoon    : tpa
14:03 Archeoon    : bruh the chest with ur stuff despawned?
14:04 PLAY3R_0N3  : nope, i teleported it to me
14:04 Archeoon    : im in combat shit
14:04 Archeoon    : fuck
14:04 Archeoon    : my stuff ;-;
14:04 PLAY3R_0N3  : u can teleport it to you
14:04 Archeoon    : I scaffold mlgd but the ping killed me
14:04 PLAY3R_0N3  : with angels protection
14:05 Archeoon    : how do u use that
14:05 Archeoon    : how do u use it???
14:06 PLAY3R_0N3  : idk, just click on the sentence that says "AngelsChest An Angel collected your stuff and put it into a chest.....death"
14:06 Archeoon    : uhh doesnt do anything
14:06 PLAY3R_0N3  : spam click the whole sentence
14:07 Archeoon    : nothing...
14:07 PLAY3R_0N3  : it gave coordinates of your death right?
14:07 Archeoon    : 2621 65 -5292 yea
14:07 Archeoon    : so far ;-;
14:07 Archeoon    : its not worth it
14:07 PLAY3R_0N3  : okay lets rtp until we're closer xD
14:07 Archeoon    : alr
14:08 PLAY3R_0N3  : hey new tower
14:08 Archeoon    : RIP my stuff lmfao I gtg. inv me to the server please my discord is Archeoon#8137 :>
14:08 Archeoon    : ill be on later if u r
14:08 PLAY3R_0N3  : yess
14:08 PLAY3R_0N3  : later mann
14:08 Archeoon    : then
14:09 Archeoon    : cya
