12:14 PLAY3R_0N3 placed suspicious WATER_BUCKET @ world: x-6180, z-6481
12:14 PLAY3R_0N3 placed suspicious WATER_BUCKET @ world: x-6206, z-6497
12:14 PLAY3R_0N3 placed suspicious WATER_BUCKET @ world: x-6225, z-6506
14:51 PLAY3R_0N3 placed suspicious WATER_BUCKET @ world: x-10866, z-11441
16:01 PLAY3R_0N3 placed suspicious WATER_BUCKET @ world: x-10868, z-11435
16:02 PLAY3R_0N3 placed suspicious WATER_BUCKET @ world: x-10869, z-11435
16:02 PLAY3R_0N3 placed suspicious WATER_BUCKET @ world: x-10862, z-11435
16:02 PLAY3R_0N3 placed suspicious WATER_BUCKET @ world: x-10862, z-11442
16:03 PLAY3R_0N3 placed suspicious WATER_BUCKET @ world: x-10869, z-11442
16:24 PLAY3R_0N3  : flurr
16:24 PLAY3R_0N3 placed suspicious WATER_BUCKET @ world: x-10862, z-11441
16:25 PLAY3R_0N3 placed suspicious LAVA_BUCKET @ world: x-10862, z-11441
16:26 flurbudurbur: hoi hoi
16:28 PLAY3R_0N3  : wil je mn nieuwe farm gebruiken? ^^
16:29 flurbudurbur: nee dankje, ben hier maar ff
16:49 flurbudurbur: ello
16:49 PLAY3R_0N3  : yo
16:49 PLAY3R_0N3  : vc?
16:49 flurbudurbur: nope, moet gaan
16:49 PLAY3R_0N3  : oof oki
16:49 flurbudurbur: moest de daadwerkijlijke server updaten
17:06 PLAY3R_0N3  : yo
17:06 8Someone    : epic
17:06 PLAY3R_0N3  : er zijn ontzichtbare mobs
17:06 PLAY3R_0N3  : wat
17:07 8Someone    : waar
17:07 PLAY3R_0N3  : allemaal plankjes blazen op opeens
17:07 8Someone    : ik hoor de explosie
17:07 8Someone    : is zon zombie
17:07 PLAY3R_0N3  : ja maar ik zie ze ze niet xd
17:07 8Someone    : die schieten door blokken heen
17:18 8Someone    : ./permissiontrust 8Someone
17:18 8Someone    : ./permissiontrust PLAY3R_0N3
